<?xml version="1.0" encoding="UTF-8"?>
<testsuite xmlns:xsi="http://www.w3.org/2001/XMLSchema-instance" xsi:noNamespaceSchemaLocation="https://maven.apache.org/surefire/maven-surefire-plugin/xsd/surefire-test-report.xsd" name="org.metaswitch.metaswitch5GCore.ALMControllerTest" time="7.826" tests="1" errors="0" skipped="0" failures="1">
  <properties>
[...]
</properties>
  <testcase name="getHello" classname="org.metaswitch.metaswitch5GCore.ALMControllerTest" time="1.089">
    <failure message="expected: &lt;Hello Controller&gt; but was: &lt;Hello world!&gt;" type="org.opentest4j.AssertionFailedError"><![CDATA[org.opentest4j.AssertionFailedError: expected: <Hello Controller> but was: <Hello world!>
	at org.metaswitch.metaswitch5GCore.ALMControllerTest.getHello(ALMControllerTest.java:26)
]]></failure>
    <system-out><![CDATA[21:53:54.030 [main] DEBUG org.springframework.test.context.BootstrapUtils - Instantiating CacheAwareContextLoaderDelegate from class [org.springframework.test.context.cache.DefaultCacheAwareContextLoaderDelegate]
21:53:54.067 [main] DEBUG org.springframework.test.context.BootstrapUtils - Instantiating BootstrapContext using constructor [public org.springframework.test.context.support.DefaultBootstrapContext(java.lang.Class,org.springframework.test.context.CacheAwareContextLoaderDelegate)]
21:53:54.115 [main] DEBUG org.springframework.test.context.BootstrapUtils - Instantiating TestContextBootstrapper for test class [org.metaswitch.metaswitch5GCore.ALMControllerTest] from class [org.springframework.boot.test.context.SpringBootTestContextBootstrapper]
21:53:54.137 [main] INFO org.springframework.boot.test.context.SpringBootTestContextBootstrapper - Neither @ContextConfiguration nor @ContextHierarchy found for test class [org.metaswitch.metaswitch5GCore.ALMControllerTest], using SpringBootContextLoader
21:53:54.147 [main] DEBUG org.springframework.test.context.support.AbstractContextLoader - Did not detect default resource location for test class [org.metaswitch.metaswitch5GCore.ALMControllerTest]: class path resource [org/metaswitch/metaswitch5GCore/ALMControllerTest-context.xml] does not exist
21:53:54.147 [main] DEBUG org.springframework.test.context.support.AbstractContextLoader - Did not detect default resource location for test class [org.metaswitch.metaswitch5GCore.ALMControllerTest]: class path resource [org/metaswitch/metaswitch5GCore/ALMControllerTestContext.groovy] does not exist
21:53:54.148 [main] INFO org.springframework.test.context.support.AbstractContextLoader - Could not detect default resource locations for test class [org.metaswitch.metaswitch5GCore.ALMControllerTest]: no resource found for suffixes {-context.xml, Context.groovy}.
21:53:54.149 [main] INFO org.springframework.test.context.support.AnnotationConfigContextLoaderUtils - Could not detect default configuration classes for test class [org.metaswitch.metaswitch5GCore.ALMControllerTest]: ALMControllerTest does not declare any static, non-private, non-final, nested classes annotated with @Configuration.
21:53:54.201 [main] DEBUG org.springframework.test.context.support.ActiveProfilesUtils - Could not find an 'annotation declaring class' for annotation type [org.springframework.test.context.ActiveProfiles] and class [org.metaswitch.metaswitch5GCore.ALMControllerTest]
21:53:54.310 [main] DEBUG org.springframework.context.annotation.ClassPathScanningCandidateComponentProvider - Identified candidate component class: file [C:\Softwares\JIRA\projects\metaswitch5GCore\target\classes\org\metaswitch\metaswitch5GCore\Metaswitch5GCoreApplication.class]
21:53:54.312 [main] INFO org.springframework.boot.test.context.SpringBootTestContextBootstrapper - Found @SpringBootConfiguration org.metaswitch.metaswitch5GCore.Metaswitch5GCoreApplication for test class org.metaswitch.metaswitch5GCore.ALMControllerTest
21:53:54.497 [main] DEBUG org.springframework.boot.test.context.SpringBootTestContextBootstrapper - @TestExecutionListeners is not present for class [org.metaswitch.metaswitch5GCore.ALMControllerTest]: using defaults.
21:53:54.498 [main] INFO org.springframework.boot.test.context.SpringBootTestContextBootstrapper - Loaded default TestExecutionListener class names from location [META-INF/spring.factories]: [org.springframework.boot.test.mock.mockito.MockitoTestExecutionListener, org.springframework.boot.test.mock.mockito.ResetMocksTestExecutionListener, org.springframework.boot.test.autoconfigure.restdocs.RestDocsTestExecutionListener, org.springframework.boot.test.autoconfigure.web.client.MockRestServiceServerResetTestExecutionListener, org.springframework.boot.test.autoconfigure.web.servlet.MockMvcPrintOnlyOnFailureTestExecutionListener, org.springframework.boot.test.autoconfigure.web.servlet.WebDriverTestExecutionListener, org.springframework.test.context.web.ServletTestExecutionListener, org.springframework.test.context.support.DirtiesContextBeforeModesTestExecutionListener, org.springframework.test.context.support.DependencyInjectionTestExecutionListener, org.springframework.test.context.support.DirtiesContextTestExecutionListener, org.springframework.test.context.transaction.TransactionalTestExecutionListener, org.springframework.test.context.jdbc.SqlScriptsTestExecutionListener]
21:53:54.515 [main] DEBUG org.springframework.boot.test.context.SpringBootTestContextBootstrapper - Skipping candidate TestExecutionListener [org.springframework.test.context.transaction.TransactionalTestExecutionListener] due to a missing dependency. Specify custom listener classes or make the default listener classes and their required dependencies available. Offending class: [org/springframework/transaction/interceptor/TransactionAttributeSource]
21:53:54.516 [main] DEBUG org.springframework.boot.test.context.SpringBootTestContextBootstrapper - Skipping candidate TestExecutionListener [org.springframework.test.context.jdbc.SqlScriptsTestExecutionListener] due to a missing dependency. Specify custom listener classes or make the default listener classes and their required dependencies available. Offending class: [org/springframework/transaction/interceptor/TransactionAttribute]
21:53:54.516 [main] INFO org.springframework.boot.test.context.SpringBootTestContextBootstrapper - Using TestExecutionListeners: [org.springframework.test.context.web.ServletTestExecutionListener@74f5ce22, org.springframework.test.context.support.DirtiesContextBeforeModesTestExecutionListener@25aca718, org.springframework.boot.test.mock.mockito.MockitoTestExecutionListener@16fdec90, org.springframework.boot.test.autoconfigure.SpringBootDependencyInjectionTestExecutionListener@1afdd473, org.springframework.test.context.support.DirtiesContextTestExecutionListener@40238dd0, org.springframework.boot.test.mock.mockito.ResetMocksTestExecutionListener@7776ab, org.springframework.boot.test.autoconfigure.restdocs.RestDocsTestExecutionListener@79179359, org.springframework.boot.test.autoconfigure.web.client.MockRestServiceServerResetTestExecutionListener@dbd8e44, org.springframework.boot.test.autoconfigure.web.servlet.MockMvcPrintOnlyOnFailureTestExecutionListener@51acdf2e, org.springframework.boot.test.autoconfigure.web.servlet.WebDriverTestExecutionListener@6a55299e]
21:53:54.522 [main] DEBUG org.springframework.test.context.support.AbstractDirtiesContextTestExecutionListener - Before test class: context [DefaultTestContext@6e950bcf testClass = ALMControllerTest, testInstance = [null], testMethod = [null], testException = [null], mergedContextConfiguration = [WebMergedContextConfiguration@16414e40 testClass = ALMControllerTest, locations = '{}', classes = '{class org.metaswitch.metaswitch5GCore.Metaswitch5GCoreApplication}', contextInitializerClasses = '[]', activeProfiles = '{}', propertySourceLocations = '{}', propertySourceProperties = '{org.springframework.boot.test.context.SpringBootTestContextBootstrapper=true, server.port=0}', contextCustomizers = set[org.springframework.boot.test.context.filter.ExcludeFilterContextCustomizer@24569dba, org.springframework.boot.test.json.DuplicateJsonObjectContextCustomizerFactory$DuplicateJsonObjectContextCustomizer@496bc455, org.springframework.boot.test.mock.mockito.MockitoContextCustomizer@0, org.springframework.boot.test.web.client.TestRestTemplateContextCustomizer@548a24a, org.springframework.boot.test.autoconfigure.properties.PropertyMappingContextCustomizer@0, org.springframework.boot.test.autoconfigure.web.servlet.WebDriverContextCustomizerFactory$Customizer@710636b0], resourceBasePath = 'src/main/webapp', contextLoader = 'org.springframework.boot.test.context.SpringBootContextLoader', parent = [null]], attributes = map['org.springframework.test.context.web.ServletTestExecutionListener.activateListener' -> false]], class annotated with @DirtiesContext [false] with mode [null].
21:53:54.531 [main] DEBUG org.springframework.test.context.support.DependencyInjectionTestExecutionListener - Performing dependency injection for test context [[DefaultTestContext@6e950bcf testClass = ALMControllerTest, testInstance = org.metaswitch.metaswitch5GCore.ALMControllerTest@7862f56, testMethod = [null], testException = [null], mergedContextConfiguration = [WebMergedContextConfiguration@16414e40 testClass = ALMControllerTest, locations = '{}', classes = '{class org.metaswitch.metaswitch5GCore.Metaswitch5GCoreApplication}', contextInitializerClasses = '[]', activeProfiles = '{}', propertySourceLocations = '{}', propertySourceProperties = '{org.springframework.boot.test.context.SpringBootTestContextBootstrapper=true, server.port=0}', contextCustomizers = set[org.springframework.boot.test.context.filter.ExcludeFilterContextCustomizer@24569dba, org.springframework.boot.test.json.DuplicateJsonObjectContextCustomizerFactory$DuplicateJsonObjectContextCustomizer@496bc455, org.springframework.boot.test.mock.mockito.MockitoContextCustomizer@0, org.springframework.boot.test.web.client.TestRestTemplateContextCustomizer@548a24a, org.springframework.boot.test.autoconfigure.properties.PropertyMappingContextCustomizer@0, org.springframework.boot.test.autoconfigure.web.servlet.WebDriverContextCustomizerFactory$Customizer@710636b0], resourceBasePath = 'src/main/webapp', contextLoader = 'org.springframework.boot.test.context.SpringBootContextLoader', parent = [null]], attributes = map['org.springframework.test.context.web.ServletTestExecutionListener.activateListener' -> false]]].
21:53:54.577 [main] DEBUG org.springframework.test.context.support.TestPropertySourceUtils - Adding inlined properties to environment: {spring.jmx.enabled=false, org.springframework.boot.test.context.SpringBootTestContextBootstrapper=true, server.port=0}

  .   ____          _            __ _ _
 /\\ / ___'_ __ _ _(_)_ __  __ _ \ \ \ \
( ( )\___ | '_ | '_| | '_ \/ _` | \ \ \ \
 \\/  ___)| |_)| | | | | || (_| |  ) ) ) )
  '  |____| .__|_| |_|_| |_\__, | / / / /
 =========|_|==============|___/=/_/_/_/
 :: Spring Boot ::        (v2.1.2.RELEASE)

2019-12-25 21:53:55.205  INFO 15372 --- [           main] o.m.metaswitch5GCore.ALMControllerTest   : Starting ALMControllerTest on DESKTOP-NKBUCIB with PID 15372 (started by ManuJadli in C:\Softwares\JIRA\projects\metaswitch5GCore)
2019-12-25 21:53:55.208  INFO 15372 --- [           main] o.m.metaswitch5GCore.ALMControllerTest   : No active profile set, falling back to default profiles: default
2019-12-25 21:53:58.868  INFO 15372 --- [           main] o.s.b.w.embedded.tomcat.TomcatWebServer  : Tomcat initialized with port(s): 0 (http)
2019-12-25 21:53:58.945  INFO 15372 --- [           main] o.apache.catalina.core.StandardService   : Starting service [Tomcat]
2019-12-25 21:53:58.946  INFO 15372 --- [           main] org.apache.catalina.core.StandardEngine  : Starting Servlet engine: [Apache Tomcat/9.0.14]
2019-12-25 21:53:58.965  INFO 15372 --- [           main] o.a.catalina.core.AprLifecycleListener   : The APR based Apache Tomcat Native library which allows optimal performance in production environments was not found on the java.library.path: [C:\Softwares\Java\jdk-11.0.4\bin;C:\WINDOWS\Sun\Java\bin;C:\WINDOWS\system32;C:\WINDOWS;C:\Softwares\Java\jdk1.8.0_65\bin;C:\Program Files (x86)\Common Files\Oracle\Java\javapath;C:\app\ManuJadli\product\11.1.0\db_2\bin;C:\oracle\app\product\11.1.0\db_1\bin;C:\ProgramData\Oracle\Java\javapath;C:\WINDOWS\system32;C:\WINDOWS;C:\WINDOWS\System32\Wbem;C:\WINDOWS\System32\WindowsPowerShell\v1.0\;C:\WINDOWS\System32\OpenSSH\;C:\Softwares\Maven\apache-maven-3.6.0-bin\apache-maven-3.6.0\bin;C:\Program Files\PuTTY\;C:\Softwares\Gradle\Binary\gradle-5.3.1\bin;C:\Program Files\Microsoft\Web Platform Installer\;C:\Program Files (x86)\Microsoft ASP.NET\ASP.NET Web Pages\v1.0\;C:\Program Files\Microsoft SQL Server\110\Tools\Binn\;C:\Program Files\IBM\Cloud\bin;C:\Program Files (x86)\Bitvise SSH Client;C:\Program Files\nodejs\;C:\Softwares\SonarQuebe\sonar-runner-dist-2.4\sonar-runner-2.4\bin;C:\Program Files\Git\cmd;C:\Program Files\Intel\WiFi\bin\;C:\Program Files\Common Files\Intel\WirelessCommon\;C:\Users\ManuJadli\AppData\Local\Programs\Python\Python37-32;C:\Users\ManuJadli\AppData\Local\Programs\Python\Python37-32\Scripts;C:\Program Files (x86)\Webex\Webex\Applications;C:\Users\ManuJadli\AppData\Local\Microsoft\WindowsApps;C:\Users\ManuJadli\AppData\Roaming\npm;C:\Users\ManuJadli\AppData\Local\Programs\Microsoft VS Code\bin;C:\Users\ManuJadli\AppData\Local\atom\bin;C:\Users\ManuJadli\AppData\Local\Microsoft\WindowsApps;C:\Softwares\Kafka\kafka_2.12-2.3.1\bin\windows;;.]
2019-12-25 21:53:59.224  INFO 15372 --- [           main] o.a.c.c.C.[Tomcat].[localhost].[/]       : Initializing Spring embedded WebApplicationContext
2019-12-25 21:53:59.225  INFO 15372 --- [           main] o.s.web.context.ContextLoader            : Root WebApplicationContext: initialization completed in 3956 ms
2019-12-25 21:54:00.148  INFO 15372 --- [           main] o.s.s.concurrent.ThreadPoolTaskExecutor  : Initializing ExecutorService 'applicationTaskExecutor'
2019-12-25 21:54:00.607  INFO 15372 --- [           main] o.s.b.w.embedded.tomcat.TomcatWebServer  : Tomcat started on port(s): 63857 (http) with context path ''
2019-12-25 21:54:00.613  INFO 15372 --- [           main] o.m.metaswitch5GCore.ALMControllerTest   : Started ALMControllerTest in 6.033 seconds (JVM running for 10.419)
2019-12-25 21:54:01.556  INFO 15372 --- [o-auto-1-exec-1] o.a.c.c.C.[Tomcat].[localhost].[/]       : Initializing Spring DispatcherServlet 'dispatcherServlet'
2019-12-25 21:54:01.557  INFO 15372 --- [o-auto-1-exec-1] o.s.web.servlet.DispatcherServlet        : Initializing Servlet 'dispatcherServlet'
2019-12-25 21:54:01.594  INFO 15372 --- [o-auto-1-exec-1] o.s.web.servlet.DispatcherServlet        : Completed initialization in 37 ms
]]></system-out>
  </testcase>
</testsuite>